sloc sdiff efw unit verrors vctxs vmemuse vmemblks coverage
3591 315 0 0 0 0 200 12 46
3593 319 0 0 0 0 0 0 46
3600 352 0 5 0 0 1048 54 42
3613 385 0 5 0 0 1048 54 41
3614 385 0 5 0 0 1048 54 42
3615 400 0 0 0 0 0 0 42
3615 400 0 0 0 0 0 0 42
3617 406 0 0 0 0 0 0 59
3617 0 0 0 0 0 0 0 58
3617 107 0 0 0 0 0 0 58
3615 35 1 2 1 1 1084 53 59
3615 35 0 0 0 0 1084 53 59
3615 36 0 0 0 0 0 0 58
3618 53 0 0 0 0 0 0 58
3610 71 0 0 0 0 0 0 58
3603 76 0 0 0 0 0 0 56
3603 89 0 0 0 0 0 0 56
3603 90 0 0 0 0 0 0 56
3603 90 0 0 0 0 0 0 56
3603 116 0 0 0 0 0 0 58
3603 133 0 0 0 0 0 0 58
3604 61 0 0 0 0 0 0 59
3606 40 0 0 0 0 0 0 59
3610 57 0 0 0 0 0 0 58
3606 40 0 0 0 0 0 0 59
3614 66 0 0 0 0 0 0 59
3615 79 0 0 0 0 0 0 59
3619 83 0 0 0 0 56 3 59
3620 84 0 0 0 0 0 0 59
3618 83 0 0 0 0 0 0 59
3611 131 0 0 0 0 0 0 59
3611 513 0 0 0 0 0 0 59
3611 987 0 0 0 0 0 0 59
3611 1596 0 0 0 0 0 0 58
3611 1596 0 0 0 0 0 0 59
3608 2319 0 0 0 0 0 0 59
3608 2319 0 0 0 0 0 0 59
3608 0 0 0 0 0 0 0 59
3608 63 0 0 0 0 1450 75 59
3607 75 0 0 0 0 1048 54 59
3607 64 0 0 0 0 1048 54 59
3608 72 0 0 0 0 1048 54 59
3608 94 0 0 0 0 456 13 56
3610 95 0 0 0 0 456 13 56
3609 96 0 0 0 0 2240 56 59
3609 83 0 0 0 0 1048 54 59
3611 99 0 0 0 0 1048 54 59
3611 112 0 0 0 0 2240 56 59
3612 111 0 0 0 0 456 13 58
3614 131 0 0 0 0 148389 37 58
3615 151 0 0 0 0 0 0 59
3615 207 0 0 0 0 0 0 57
3615 207 0 0 0 0 0 0 59
3613 116 0 0 0 0 0 0 59
3613 129 0 0 0 0 0 0 59
3614 138 0 0 0 0 0 0 59
3614 151 0 0 0 0 0 0 59
3609 181 0 0 0 0 0 0 59
3620 229 0 0 0 0 0 0 59
3620 229 0 0 0 0 0 0 59
3620 229 0 0 0 0 0 0 59
3620 229 0 0 0 0 0 0 59
3622 472 0 0 0 0 0 0 59
3621 286 0 0 0 0 0 0 59
3623 304 0 0 0 0 0 0 59
3624 306 0 0 0 0 0 0 59
3626 312 0 0 0 0 0 0 59
3632 74 0 0 0 0 0 0 59
3628 50 0 0 0 0 3548 112 60
3629 113 0 0 0 0 3548 112 54
3629 113 0 0 0 0 716 29 50
3628 101 0 0 0 0 716 29 50
3629 113 0 0 0 0 320 8 59
3630 114 0 0 0 0 496 14 59
3631 115 0 0 0 0 0 0 59
3629 24 0 0 0 0 0 0 60
3628 32 0 0 0 0 0 0 60
3628 0 0 0 0 0 0 0 59
3628 0 0 0 0 0 0 0 59
3628 0 0 0 0 0 0 0 59
3287 153 0 0 0 0 0 0 55
4049 199 0 0 0 0 0 0 59
4100 31 0 0 0 0 0 0 59
4101 32 0 0 0 0 0 0 60
4101 33 0 0 0 0 0 0 60
4102 34 0 0 0 0 0 0 60
4102 41 0 0 0 0 0 0 60
4102 39 0 0 0 0 0 0 60
4102 41 0 0 0 0 0 0 60
4102 56 0 0 0 0 0 0 60
4126 122 0 0 0 0 0 0 60
4134 133 0 0 0 0 0 0 59
4138 138 0 0 0 0 0 0 60
4138 138 0 0 0 0 0 0 60
4140 418 0 0 0 0 0 0 61
4143 514 0 0 0 0 0 0 61
4143 539 0 0 0 0 0 0 61
4143 549 0 0 0 0 0 0 61
4143 559 0 0 0 0 0 0 61
4144 119 0 0 0 0 0 0 61
4146 159 0 0 0 0 0 0 60
4146 165 0 0 0 0 0 0 60
4150 173 0 0 0 0 0 0 60
4162 188 0 0 0 0 0 0 60
4165 195 0 0 0 0 0 0 60
4154 219 0 0 0 0 0 0 60
4154 219 0 0 0 0 0 0 60
4155 220 0 0 0 0 0 0 60
4155 156 0 0 0 0 0 0 58
4155 156 0 0 0 0 0 0 59
4155 217 0 0 0 0 0 0 57
4155 218 0 0 0 0 0 0 59
4155 218 0 0 0 0 0 0 59
4154 218 0 0 0 0 0 0 59
4157 289 0 0 0 0 0 0 59
4154 230 0 0 0 0 0 0 59
4154 0 0 0 0 0 0 0 58
4154 0 0 0 0 0 0 0 59
4154 0 0 0 0 0 0 0 58
4154 0 0 0 0 0 0 0 55
4156 0 0 0 0 0 0 0 59
4156 0 0 0 0 0 0 0 59
4156 0 0 0 0 0 0 0 59
4156 0 0 0 0 0 0 0 0
4156 0 0 0 0 0 0 0 58
4156 196 0 0 0 0 0 0 59
4156 206 0 0 0 0 0 0 59
4156 209 0 0 0 0 0 0 59
4156 210 0 0 0 0 0 0 59
4156 211 0 0 0 0 0 0 59
4156 213 0 0 0 0 0 0 59
4156 215 0 0 0 0 0 0 59
4156 220 0 0 0 0 0 0 59
5836 716 0 0 0 0 0 0 0
5447 921 0 0 0 0 0 0 0
5137 877 0 0 0 0 0 0 0
5125 939 0 0 0 0 0 0 0
5125 939 0 0 0 0 0 0 0
5701 415 0 0 0 0 0 0 0
5699 436 0 0 0 0 0 0 0
5697 453 0 0 0 0 0 0 0
5697 448 0 0 0 0 0 0 59
5697 563 0 0 0 0 0 0 58
5697 972 0 0 0 0 0 0 58
5697 525 0 0 0 0 0 0 59
5697 0 0 0 0 0 0 0 0
5697 12 0 0 0 0 0 0 59
5697 26 0 0 0 0 0 0 59
5697 26 0 0 0 0 0 0 59
5697 26 0 0 0 0 0 0 40
5697 0 0 0 0 0 0 0 58
5697 0 0 0 0 0 0 0 58
5697 0 0 0 0 0 0 0 59
5697 0 0 0 0 0 0 0 59
5697 0 0 0 0 0 0 0 59
5733 10 0 0 0 0 0 0 59
5690 97 0 0 0 0 0 0 59
5877 98 0 0 0 0 0 0 59
5989 216 0 0 0 0 0 0 58
6129 372 0 0 0 0 0 0 58
5353 397 0 0 0 0 0 0 55
6129 398 0 0 0 0 0 0 59
5695 3445 0 0 0 0 0 0 59
5695 119 0 0 0 0 0 0 59
5695 0 0 0 0 0 0 0 59
5695 0 0 0 0 0 0 0 59
5694 143 0 0 0 0 0 0 58
5694 143 0 0 0 0 0 0 58
5706 77 0 0 0 0 0 0 59
5719 119 0 0 0 0 0 0 59
5719 128 0 0 0 0 0 0 59
5719 128 0 0 0 0 0 0 59
5734 0 0 0 0 0 0 0 59
5739 63 0 0 0 0 0 0 59
5773 241 0 0 0 0 0 0 59
5792 0 0 0 0 0 0 0 59
5797 21 0 0 0 0 0 0 59
5797 21 1 0 0 0 44 2 59
5798 22 1 0 0 0 44 2 59
5798 22 0 0 0 0 148 8 54
5792 0 0 0 0 0 148 8 54
5792 0 0 0 0 0 0 0 54
5794 20 0 0 0 0 0 0 54
5794 49 0 0 0 0 0 0 54
5794 43 0 0 0 0 2560 64 57
5794 43 0 0 0 0 2560 64 57
5794 65 0 0 0 0 400 10 59
5780 80 0 0 0 0 400 10 59
5794 65 0 0 0 0 400 10 59
5780 80 0 0 0 0 400 10 59
5794 35 0 0 0 0 0 0 59
5797 91 0 0 0 0 0 0 58
5807 84 0 0 0 0 0 0 58
5823 126 0 0 0 0 0 0 58
5824 151 0 0 0 0 0 0 58
5831 238 0 0 0 0 112 6 59
5833 242 0 0 0 0 0 0 58
5837 397 0 0 0 0 0 0 58
5837 0 0 0 0 0 0 0 59
5840 153 0 0 0 0 0 0 58
5841 155 0 0 0 0 0 0 58
5841 155 0 0 0 0 0 0 58
5841 181 0 0 0 0 0 0 58
5832 260 1 0 0 0 988 48 47
5832 260 1 0 0 0 988 48 47
5832 260 1 0 0 0 988 48 47
5624 666 1 0 0 0 988 48 46
5624 679 0 0 0 0 0 0 39
4837 13 0 0 0 0 0 0 27
5655 70 0 0 0 0 0 0 39
5656 70 0 0 0 0 0 0 39
5648 164 0 0 0 0 0 0 41
5648 164 0 0 0 0 0 0 41
5659 179 0 0 0 0 0 0 41
5661 197 0 0 0 0 0 0 41
5662 197 0 0 0 0 0 0 41
5661 197 0 0 0 0 0 0 41
5661 197 0 0 0 0 0 0 41
5674 197 0 0 0 0 0 0 40
5674 197 0 0 0 0 0 0 40
5674 197 0 0 0 0 0 0 11
5674 197 0 0 0 0 0 0 40
5674 197 0 0 0 0 0 0 40
5675 209 0 0 0 0 0 0 40
5675 209 0 0 0 0 0 0 40
5675 209 0 0 0 0 0 0 40
5675 207 0 0 0 0 0 0 40
5676 217 0 0 0 0 0 0 40
5677 217 0 0 0 0 0 0 40
5677 217 0 0 0 0 0 0 40
5677 230 2 0 0 0 1296 17 38
5677 230 2 0 0 0 1296 17 40
5677 232 0 0 0 0 0 0 40
5680 232 0 0 0 0 0 0 40
5680 232 0 0 0 0 0 0 40
5680 241 0 0 1 1 936 44 39
5680 241 0 0 0 0 0 0 40
5681 242 0 0 0 0 0 0 40
5681 249 0 0 0 0 0 0 40
5681 251 0 0 0 0 0 0 40
5681 282 0 0 0 0 0 0 40
5681 286 0 0 0 0 0 0 40
5681 286 0 0 0 0 0 0 40
5681 286 0 0 0 0 0 0 40
5681 305 0 0 0 0 0 0 40
5681 305 0 0 0 0 0 0 40
5681 305 0 0 0 0 0 0 40
5683 311 0 0 0 0 0 0 0
5683 311 0 0 0 0 0 0 40
5684 335 0 0 0 0 0 0 40
5684 352 0 0 0 0 0 0 40
5684 340 0 0 0 0 0 0 40
5684 340 0 0 0 0 0 0 40
5684 346 0 0 0 0 0 0 40
5684 340 0 0 0 0 0 0 40
5684 340 0 0 1 1 1336 63 39
5684 340 0 0 1 1 1336 63 39
5684 340 0 0 0 0 0 0 40
5684 340 0 0 0 0 0 0 40
5684 359 0 0 1 1 1072 51 39
5689 364 0 0 1 1 1072 51 39
5685 341 0 0 0 0 0 0 40
5684 356 0 0 0 0 0 0 40
5685 353 0 0 0 0 0 0 40
5685 353 0 0 0 0 0 0 40
5682 352 0 0 0 0 0 0 40
5685 64 0 0 0 0 0 0 40
5685 64 0 0 0 0 0 0 40
5686 76 0 0 0 0 0 0 40
5689 83 0 0 0 0 0 0 40
5689 96 0 0 0 0 0 0 40
5689 83 0 0 0 0 0 0 40
5689 96 0 0 0 0 0 0 40
5692 100 0 0 0 0 0 0 40
5692 100 0 0 0 0 0 0 40
5697 121 0 0 0 0 0 0 40
5696 147 0 0 0 0 0 0 39
5696 156 0 0 0 0 0 0 39
5747 155 0 0 0 0 0 0 39
5831 188 0 0 0 0 0 0 42
5831 0 0 0 0 0 0 0 42
5830 28 0 0 0 0 0 0 42
5832 60 0 0 0 0 0 0 42
5832 72 0 0 0 0 0 0 42
5832 72 0 0 0 0 0 0 42
5832 15 0 0 0 0 0 0 42
5840 93 0 0 0 0 0 0 42
5840 106 0 0 0 0 0 0 42
5840 130 0 0 0 0 0 0 42
5841 139 0 0 0 0 0 0 42
5841 139 0 0 0 0 0 0 42
5841 126 0 0 0 0 0 0 42
5841 139 0 0 0 0 0 0 42
5841 142 0 0 0 0 0 0 42
5844 145 0 0 0 0 0 0 42
5843 144 0 0 0 0 0 0 42
5825 149 0 0 0 0 0 0 49
5823 204 0 0 0 0 1048 4 34
5824 219 0 0 0 0 0 0 34
5824 243 0 0 0 0 0 0 34
5826 263 0 0 0 0 0 0 34
5817 316 0 0 0 0 6852 94 38
5817 313 0 0 0 0 6852 94 38
5818 321 0 0 0 0 6852 94 38
5819 329 0 0 0 0 0 0 34
5819 329 0 0 0 0 0 0 34
5822 332 0 0 0 0 0 0 33
5822 332 0 0 0 0 0 0 34
5822 367 0 0 0 0 0 0 42
5818 466 0 0 0 0 0 0 42
5819 465 0 0 0 0 0 0 42
5820 593 0 0 0 0 0 0 42
5819 0 0 0 0 0 0 0 42
5821 13 0 0 0 0 0 0 42
5821 13 0 0 0 0 0 0 42
5874 13 0 0 0 0 0 0 42
5879 0 0 0 0 0 0 0 0
5879 0 0 0 0 0 0 0 0
5879 0 0 0 0 0 0 0 0
5879 0 0 0 0 0 0 0 0
5879 21 0 0 0 0 0 0 0
5879 177 2 0 1 1 28716 61 0
5879 177 2 0 1 1 28716 61 0
5879 177 2 0 1 1 28716 61 0
5880 190 2 0 1 1 28692 59 0
5880 199 2 0 1 1 28692 59 0
5880 202 2 0 1 1 28692 59 0
5880 320 0 0 0 0 0 0 0
5880 335 0 0 0 0 0 0 0
5880 365 0 0 0 0 0 0 0
5880 378 0 0 0 0 0 0 0
5880 390 0 0 0 0 0 0 0
5881 413 0 0 0 0 0 0 0
5881 0 0 0 0 0 0 0 0
5881 0 0 0 0 0 0 0 0
5881 31 0 0 0 0 0 0 0
5883 49 0 0 0 0 0 0 0
5883 49 0 0 0 0 0 0 0
5883 49 0 0 0 0 0 0 0
5884 124 0 0 0 0 0 0 0
5884 137 0 0 0 0 0 0 0
5889 143 0 0 0 0 0 0 0
5870 165 0 0 0 0 816 20 0
5867 220 0 0 0 0 1056 4 0
5868 228 0 0 0 0 0 0 0
5868 0 0 0 0 0 0 0 0
5872 27 0 0 0 0 0 0 0
5872 27 0 0 1 1 8840 73 0
5872 27 0 0 0 0 0 0 0
5874 38 0 0 0 0 0 0 0
5876 41 0 0 0 0 0 0 0
5878 69 0 0 0 0 0 0 0
5879 77 0 0 6056 5 0 0 0
5880 82 0 0 0 0 0 0 0
5876 87 0 0 1 1 1344 22 0
5876 87 0 0 1 1 1344 22 0
5876 104 0 0 1 1 1344 22 0
5876 104 0 0 1 1 9060 86 0
5876 105 0 0 1 1 12192 94 0
5877 106 0 0 1 1 12192 94 0
5879 121 0 0 1 1 12192 94 0
5879 123 0 0 1 1 9060 86 0
5879 140 0 0 1 1 9060 86 0
5895 260 0 0 0 0 0 0 0
5894 13 0 0 0 0 0 0 0
5894 13 0 0 0 0 0 0 0
5894 13 0 0 0 0 0 0 0
5940 113 0 0 0 0 0 0 0
5921 122 0 0 0 0 0 0 0
5898 297 0 0 0 0 0 0 0
5897 40 0 0 0 0 0 0 0
5856 118 2 0 24 24 0 0 0
5856 118 0 0 0 0 0 0 0
5859 41 0 0 0 0 0 0 0
5728 743 0 0 0 0 0 0 0
5724 752 0 0 0 0 0 0 0
5745 320 0 0 0 0 0 0 0
5745 369 0 0 0 0 0 0 0
5742 439 0 0 0 0 0 0 0
5742 439 0 0 0 0 0 0 0
5742 439 0 0 0 0 0 0 0
5748 99 0 0 0 0 0 0 0
5790 15 0 0 1 1 114889 29 0
5792 22 0 0 0 0 0 0 0
5792 15 0 0 0 0 0 0 0
5793 1 0 0 0 0 0 0 0
5796 1 0 0 0 0 0 0 0
5796 1 0 0 0 0 0 0 0
5823 42 0 0 0 0 0 0 0
5826 73 0 0 0 0 0 0 0
5826 76 0 0 0 0 0 0 0
5827 121 0 0 0 0 0 0 0
5830 132 0 0 0 0 0 0 0
5828 125 0 0 0 0 0 0 0
